Runing task Ep12=1.000000,Ep=1.000000 ,Ee2e=5.000000,T=1.000000,length=32
using count_parallel_nearby24
installed
preheating
Mon Nov  2 10:53:20 2020
 i=0
Mon Nov  2 10:53:23 2020
 i=1000
Mon Nov  2 10:53:25 2020
 i=2000
Mon Nov  2 10:53:27 2020
 i=3000
Mon Nov  2 10:53:30 2020
 i=4000
Mon Nov  2 10:53:32 2020
 i=5000
Mon Nov  2 10:53:34 2020
 i=6000
Mon Nov  2 10:53:36 2020
 i=7000
Mon Nov  2 10:53:39 2020
 i=8000
Mon Nov  2 10:53:41 2020
 i=9000
Mon Nov  2 10:53:43 2020
 i=10000
Mon Nov  2 10:53:45 2020
 i=11000
Mon Nov  2 10:53:47 2020
 i=12000
Mon Nov  2 10:53:50 2020
 i=13000
Mon Nov  2 10:53:52 2020
 i=14000
Mon Nov  2 10:53:54 2020
 i=15000
Mon Nov  2 10:53:56 2020
 i=16000
Mon Nov  2 10:53:59 2020
 i=17000
Mon Nov  2 10:54:01 2020
 i=18000
Mon Nov  2 10:54:03 2020
 i=19000
Mon Nov  2 10:54:05 2020
 i=20000
Mon Nov  2 10:54:07 2020
 i=21000
Mon Nov  2 10:54:10 2020
 i=22000
Mon Nov  2 10:54:12 2020
 i=23000
Mon Nov  2 10:54:14 2020
 i=24000
Mon Nov  2 10:54:17 2020
 i=25000
Mon Nov  2 10:54:19 2020
 i=26000
Mon Nov  2 10:54:21 2020
 i=27000
Mon Nov  2 10:54:23 2020
 i=28000
Mon Nov  2 10:54:25 2020
 i=29000
Mon Nov  2 10:54:28 2020
 i=30000
